Excelsior JET v7.6 Evaluation Version (c) Excelsior 1997,2010
Active Java SE Version 1.6.0_27 (profile 27)
************************  JET v7.6 EVALUATION **************************
*  This program cannot be used in a business, commercial, government,  *
*  or  institutional  environment  except  for  evaluation  purposes.  *
************************************************************************
Make project "D:\bryan\Documents\Projects\skittle\Skittle\dist\Skittle.prj"
Reading Skittle.jar ...  6 classes

Total compilable classes within classpath entries: 6

------------------------  Parsing Stage  ---------------------------------------

   1/6: Skittle.jar:/skittle/Install.class
   2/6: Skittle.jar:/skittle/MainWindow$1.class
   3/6: Skittle.jar:/skittle/MainWindow.class
   4/6: Skittle.jar:/skittle/Skittle$1.class
   5/6: Skittle.jar:/skittle/Skittle.class
   6/6: Skittle.jar:/skittle/Update.class
-------------------------------------------------------------------
files: 6  errors: 0  warnings: 0  notices: 0

------------------------  Codegen Stage  ---------------------------------------

  0% done, 6/6 to go: Skittle.jar:/skittle/Update.class
errors(0), warnings(0), notes(0); bytes(43502), time  0.17
 16% done, 5/6 to go: Skittle.jar:/skittle/Skittle.class
errors(0), warnings(0), notes(0); bytes(14485), time  0.04
 33% done, 4/6 to go: Skittle.jar:/skittle/Skittle$1.class
errors(0), warnings(0), notes(0); bytes(3921), time  0.00
 50% done, 3/6 to go: Skittle.jar:/skittle/MainWindow.class
errors(0), warnings(0), notes(0); bytes(124032), time  0.13
 66% done, 2/6 to go: Skittle.jar:/skittle/MainWindow$1.class
errors(0), warnings(0), notes(0); bytes(9073), time  0.01
 83% done, 1/6 to go: Skittle.jar:/skittle/Install.class
errors(0), warnings(0), notes(0); bytes(29646), time  0.08
Processing startup profile...
New "D:/bryan/Documents/Projects/skittle/Skittle/dist/Skittle_jetpdb/nums.clnums" is generated
Preparing resources for packing ...
Processing Skittle.jar ...
Resources were successfully prepared for packing.
-------------------------------------------------------------------
files: 6  errors: 0  warnings: 0  notices: 0

XDS Link Version 2.19.0 Copyright (c) Excelsior 1995-2011.
No errors, no warnings

Link time 0:00.18

Total compilation time 0:01.80
Startup Accelerator Helper Version 1.0 Copyright (c) Excelsior 2010.

Running application:
  D:\bryan\Documents\Projects\skittle\Skittle\dist\Skittle.exe


Application terminated with exit code 0
Profile successfully hard-wired into "D:\bryan\Documents\Projects\skittle\Skittle\dist\Skittle.exe"

